<?xml version="1.0" encoding="UTF-8"?>
<!-- Generated by org.testng.reporters.JUnitReportReporter -->
<testsuite skipped="0" hostname="DESKTOP-R1Q3PPF" name="test.modbus.test.testng.MCPRegisterTest" tests="2" failures="0" timestamp="01 lug 2019 17:05:53 GMT" time="0.023" errors="0">
  <testcase name="RegisterIsRegister" time="0.021" classname="test.modbus.test.testng.MCPRegisterTest"/>
  <testcase name="RegisterIsVirtuale" time="0.002" classname="test.modbus.test.testng.MCPRegisterTest"/>
</testsuite> <!-- test.modbus.test.testng.MCPRegisterTest -->
