<?xml version="1.0" encoding="UTF-8"?>
<!-- Generated by org.testng.reporters.JUnitReportReporter -->
<testsuite skipped="0" hostname="DESKTOP-R1Q3PPF" name="test.modbus.test.testng.ModbusRegisterTest" tests="5" failures="0" timestamp="21 feb 2019 18:02:58 GMT" time="0.067" errors="0">
  <testcase name="getBitValue" time="0.001" classname="test.modbus.test.testng.ModbusRegisterTest"/>
  <testcase name="hasBit" time="0.002" classname="test.modbus.test.testng.ModbusRegisterTest"/>
  <testcase name="getBitIndex" time="0.002" classname="test.modbus.test.testng.ModbusRegisterTest"/>
  <testcase name="fromString" time="0.060" classname="test.modbus.test.testng.ModbusRegisterTest"/>
  <testcase name="getRegisterName" time="0.002" classname="test.modbus.test.testng.ModbusRegisterTest"/>
</testsuite> <!-- test.modbus.test.testng.ModbusRegisterTest -->
