<?xml version="1.0" encoding="UTF-8"?>
<!-- Generated by org.testng.reporters.JUnitReportReporter -->
<testsuite skipped="0" hostname="DESKTOP-R1Q3PPF" name="test.modbus.test.testng.MCPRegisterTest" tests="2" failures="0" timestamp="03 apr 2019 20:09:22 GMT" time="0.016" errors="0">
  <testcase name="RegisterIsRegister" time="0.014" classname="test.modbus.test.testng.MCPRegisterTest"/>
  <testcase name="RegisterIsVirtuale" time="0.002" classname="test.modbus.test.testng.MCPRegisterTest"/>
</testsuite> <!-- test.modbus.test.testng.MCPRegisterTest -->
