<?xml version="1.0" encoding="UTF-8"?>
<!-- Generated by org.testng.reporters.JUnitReportReporter -->
<testsuite skipped="0" hostname="DESKTOP-R1Q3PPF" name="test.modbus.test.testng.BCDTest" tests="2" failures="0" timestamp="14 apr 2019 10:29:10 GMT" time="0.028" errors="0">
  <testcase name="bcdToInt" time="0.015" classname="test.modbus.test.testng.BCDTest"/>
  <testcase name="intToBCD" time="0.013" classname="test.modbus.test.testng.BCDTest"/>
</testsuite> <!-- test.modbus.test.testng.BCDTest -->
