<?xml version="1.0" encoding="UTF-8"?>
<!-- Generated by org.testng.reporters.JUnitReportReporter -->
<testsuite skipped="0" hostname="DESKTOP-R1Q3PPF" name="test.modbus.test.testng.OraMinutiUtilsTest" tests="2" failures="0" timestamp="21 feb 2019 17:48:00 GMT" time="0.006" errors="0">
  <testcase name="OraToString" time="0.003" classname="test.modbus.test.testng.OraMinutiUtilsTest"/>
  <testcase name="fromString" time="0.003" classname="test.modbus.test.testng.OraMinutiUtilsTest"/>
</testsuite> <!-- test.modbus.test.testng.OraMinutiUtilsTest -->
