<?xml version="1.0" encoding="UTF-8"?>
<!-- Generated by org.testng.reporters.JUnitReportReporter -->
<testsuite skipped="0" hostname="DESKTOP-R1Q3PPF" name="test.modbus.test.testng.ModbusRegisterTest" tests="13" failures="0" timestamp="14 apr 2019 09:25:23 GMT" time="0.081" errors="0">
  <testcase name="fromString" time="0.062" classname="test.modbus.test.testng.ModbusRegisterTest"/>
  <testcase name="getBitIndex" time="0.001" classname="test.modbus.test.testng.ModbusRegisterTest"/>
  <testcase name="getFromMCPRegisterEmpty" time="0.001" classname="test.modbus.test.testng.ModbusRegisterTest"/>
  <testcase name="getRegisterName" time="0.002" classname="test.modbus.test.testng.ModbusRegisterTest"/>
  <testcase name="getFromMCPRegisterInputWithBit" time="0.001" classname="test.modbus.test.testng.ModbusRegisterTest"/>
  <testcase name="getFromMCPRegisterOutputWithBit" time="0.001" classname="test.modbus.test.testng.ModbusRegisterTest"/>
  <testcase name="getFromMCPRegisterVirtual" time="0.001" classname="test.modbus.test.testng.ModbusRegisterTest"/>
  <testcase name="getFromMCPRegisterRegister" time="0.002" classname="test.modbus.test.testng.ModbusRegisterTest"/>
  <testcase name="getFromMCPRegisterInputNoBit" time="0.001" classname="test.modbus.test.testng.ModbusRegisterTest"/>
  <testcase name="hasBit" time="0.001" classname="test.modbus.test.testng.ModbusRegisterTest"/>
  <testcase name="getBitValue" time="0.002" classname="test.modbus.test.testng.ModbusRegisterTest"/>
  <testcase name="getFromMCPRegisterNoConversion" time="0.001" classname="test.modbus.test.testng.ModbusRegisterTest"/>
  <testcase name="getFromMCPRegisterAnalogicInput" time="0.005" classname="test.modbus.test.testng.ModbusRegisterTest"/>
</testsuite> <!-- test.modbus.test.testng.ModbusRegisterTest -->
