<?xml version="1.0" encoding="UTF-8"?>
<!-- Generated by org.testng.reporters.JUnitReportReporter -->
<testsuite skipped="0" hostname="DESKTOP-R1Q3PPF" name="test.modbus.test.testng.BinaryTest" tests="6" failures="0" timestamp="21 feb 2019 17:48:00 GMT" time="0.088" errors="0">
  <testcase name="getBitValueAsIntTest" time="0.004" classname="test.modbus.test.testng.BinaryTest"/>
  <testcase name="binToIntTest" time="0.016" classname="test.modbus.test.testng.BinaryTest"/>
  <testcase name="getBitValueAsStringTest" time="0.003" classname="test.modbus.test.testng.BinaryTest"/>
  <testcase name="getBitValueAsBooleanTest" time="0.059" classname="test.modbus.test.testng.BinaryTest"/>
  <testcase name="setBitValueTest" time="0.003" classname="test.modbus.test.testng.BinaryTest"/>
  <testcase name="switchBitTest" time="0.003" classname="test.modbus.test.testng.BinaryTest"/>
</testsuite> <!-- test.modbus.test.testng.BinaryTest -->
